<?xml version="1.0" encoding="utf-8"?><testsuites name="pytest tests"><testsuite name="pytest" errors="0" failures="0" skipped="0" tests="37" time="4.694" timestamp="2026-07-01T20:38:06.190829+00:00" hostname="agent-env-7ee5a272-ee51-4f33-8b98-179239051f00"><testcase classname="tests.backend_test.TestOpportunities" name="test_list_all" time="0.215" /><testcase classname="tests.backend_test.TestAuth" name="test_root" time="0.206" /><testcase classname="tests.backend_test.TestAuth" name="test_login_admin" time="0.279" /><testcase classname="tests.backend_test.TestOpportunities" name="test_search" time="0.275" /><testcase classname="tests.backend_test.TestAuth" name="test_login_invalid" time="0.271" /><testcase classname="tests.backend_test.TestOpportunities" name="test_filter_deadline_status" time="0.269" /><testcase classname="tests.backend_test.TestAuth" name="test_register_and_me" time="0.406" /><testcase classname="tests.backend_test.TestOpportunities" name="test_filter_discipline" time="0.278" /><testcase classname="tests.backend_test.TestOpportunities" name="test_get_by_id_and_similar" time="0.096" /><testcase classname="tests.backend_test.TestOpportunities" name="test_get_not_found" time="0.045" /><testcase classname="tests.backend_test.TestAuth" name="test_register_duplicate" time="0.094" /><testcase classname="tests.backend_test.TestAuth" name="test_register_short_password" time="0.194" /><testcase classname="tests.backend_test.TestAdmin" name="test_admin_stats" time="0.317" /><testcase classname="tests.backend_test.TestAuth" name="test_me_no_token" time="0.054" /><testcase classname="tests.test_iteration2.TestRealDataCounts" name="test_total_count_71" time="0.333" /><testcase classname="tests.backend_test.TestAdmin" name="test_admin_forbidden_for_artist" time="0.397" /><testcase classname="tests.test_iteration2.TestRealDataCounts" name="test_rolling_count_58" time="0.070" /><testcase classname="tests.backend_test.TestAdmin" name="test_admin_opportunity_crud" time="0.326" /><testcase classname="tests.test_iteration2.TestRealDataCounts" name="test_closed_count_12" time="0.060" /><testcase classname="tests.test_iteration2.TestRealDataCounts" name="test_open_dated_count_1" time="0.065" /><testcase classname="tests.test_iteration2.TestRealDataCounts" name="test_deadline_note_present_on_rolling" time="0.112" /><testcase classname="tests.test_iteration2.TestRealDataCounts" name="test_sort_order" time="0.072" /><testcase classname="tests.backend_test.TestAdmin" name="test_digest" time="0.047" /><testcase classname="tests.backend_test.TestAdmin" name="test_impact_get_and_update" time="0.274" /><testcase classname="tests.backend_test.TestProfileAndMatch" name="test_profile_upsert" time="0.474" /><testcase classname="tests.backend_test.TestAdmin" name="test_admin_endpoints_require_auth" time="0.088" /><testcase classname="tests.backend_test.TestSaves" name="test_save_and_list_and_update_and_delete" time="0.291" /><testcase classname="tests.backend_test.TestProfileAndMatch" name="test_match_score_with_profile" time="0.076" /><testcase classname="tests.backend_test.TestProfileAndMatch" name="test_no_match_score_when_logged_out" time="0.056" /><testcase classname="tests.test_iteration2.TestCareerStageSubstringMatch" name="test_filter_emerging_matches_multi_value" time="0.182" /><testcase classname="tests.backend_test.TestSaves" name="test_save_requires_auth" time="0.041" /><testcase classname="tests.test_iteration2.TestOpportunityDetailRecurring" name="test_rolling_detail_has_no_deadline" time="0.387" /><testcase classname="tests.test_iteration2.TestCareerStageSubstringMatch" name="test_match_score_emerging_matches_multi_value" time="0.433" /><testcase classname="tests.test_iteration2.TestOpportunityDetailRecurring" name="test_ifa_dated_detail" time="0.117" /><testcase classname="tests.test_iteration2.TestAdminCreateEmptyDeadline" name="test_create_no_deadline_yields_rolling" time="0.638" /><testcase classname="tests.test_iteration2.TestDigestRecurring" name="test_digest_window_60_dated_plus_rolling" time="0.559" /><testcase classname="tests.test_iteration2.TestPagination" name="test_71_supports_3_pages" time="0.052" /></testsuite></testsuites>