<?xml version="1.0" encoding="utf-8"?><testsuites name="pytest tests"><testsuite name="pytest" errors="0" failures="2" skipped="0" tests="13" time="2.107" timestamp="2026-07-01T20:37:15.783742+00:00" hostname="agent-env-7ee5a272-ee51-4f33-8b98-179239051f00"><testcase classname="tests.test_iteration2.TestOpportunityDetailRecurring" name="test_rolling_detail_has_no_deadline" time="0.226" /><testcase classname="tests.test_iteration2.TestRealDataCounts" name="test_total_count_71" time="0.192" /><testcase classname="tests.test_iteration2.TestRealDataCounts" name="test_rolling_count_58" time="0.061" /><testcase classname="tests.test_iteration2.TestOpportunityDetailRecurring" name="test_ifa_dated_detail" time="0.066"><failure message="IndexError: list index out of range">backend/tests/test_iteration2.py:114: in test_ifa_dated_detail
    opp = r.json()[0]
          ^^^^^^^^^^^
E   IndexError: list index out of range</failure></testcase><testcase classname="tests.test_iteration2.TestRealDataCounts" name="test_closed_count_12" time="0.047" /><testcase classname="tests.test_iteration2.TestRealDataCounts" name="test_open_dated_count_1" time="0.089"><failure message="AssertionError: expected 1 open, got 0&#10;assert 0 == 1&#10; +  where 0 = len([])">backend/tests/test_iteration2.py:75: in test_open_dated_count_1
    assert len(data) == 1, f"expected 1 open, got {len(data)}"
E   AssertionError: expected 1 open, got 0
E   assert 0 == 1
E    +  where 0 = len([])</failure></testcase><testcase classname="tests.test_iteration2.TestCareerStageSubstringMatch" name="test_filter_emerging_matches_multi_value" time="0.098" /><testcase classname="tests.test_iteration2.TestRealDataCounts" name="test_deadline_note_present_on_rolling" time="0.055" /><testcase classname="tests.test_iteration2.TestRealDataCounts" name="test_sort_order" time="0.056" /><testcase classname="tests.test_iteration2.TestCareerStageSubstringMatch" name="test_match_score_emerging_matches_multi_value" time="0.659" /><testcase classname="tests.test_iteration2.TestDigestRecurring" name="test_digest_window_60_dated_plus_rolling" time="0.492" /><testcase classname="tests.test_iteration2.TestAdminCreateEmptyDeadline" name="test_create_no_deadline_yields_rolling" time="0.462" /><testcase classname="tests.test_iteration2.TestPagination" name="test_71_supports_3_pages" time="0.078" /></testsuite></testsuites>