<?xml version="1.0" encoding="utf-8"?><testsuites name="pytest tests"><testsuite name="pytest" errors="0" failures="1" skipped="0" tests="24" time="3.517" timestamp="2026-07-01T20:06:11.424472+00:00" hostname="agent-env-7ee5a272-ee51-4f33-8b98-179239051f00"><testcase classname="tests.backend_test.TestAuth" name="test_root" time="0.504" /><testcase classname="tests.backend_test.TestOpportunities" name="test_list_all" time="0.302" /><testcase classname="tests.backend_test.TestOpportunities" name="test_search" time="0.048" /><testcase classname="tests.backend_test.TestOpportunities" name="test_filter_deadline_status" time="0.047" /><testcase classname="tests.backend_test.TestOpportunities" name="test_filter_discipline" time="0.107" /><testcase classname="tests.backend_test.TestAuth" name="test_login_admin" time="0.277" /><testcase classname="tests.backend_test.TestOpportunities" name="test_get_by_id_and_similar" time="0.328" /><testcase classname="tests.backend_test.TestAuth" name="test_login_invalid" time="0.316" /><testcase classname="tests.backend_test.TestOpportunities" name="test_get_not_found" time="0.225" /><testcase classname="tests.backend_test.TestAuth" name="test_register_and_me" time="0.512"><failure message="AssertionError: assert 'test_signup_...82e@onanar.in' == 'TEST_signup_...82e@onanar.in'&#10;  &#10;  - TEST_signup_83ffc82e@onanar.in&#10;  ? ^^^^&#10;  + test_signup_83ffc82e@onanar.in&#10;  ? ^^^^">backend/tests/backend_test.py:70: in test_register_and_me
    assert me.json()["email"] == email
E   AssertionError: assert 'test_signup_...82e@onanar.in' == 'TEST_signup_...82e@onanar.in'
E     
E     - TEST_signup_83ffc82e@onanar.in
E     ? ^^^^
E     + test_signup_83ffc82e@onanar.in
E     ? ^^^^</failure></testcase><testcase classname="tests.backend_test.TestAdmin" name="test_admin_stats" time="0.503" /><testcase classname="tests.backend_test.TestAuth" name="test_register_duplicate" time="0.242" /><testcase classname="tests.backend_test.TestAdmin" name="test_admin_forbidden_for_artist" time="0.401" /><testcase classname="tests.backend_test.TestAuth" name="test_register_short_password" time="0.040" /><testcase classname="tests.backend_test.TestAuth" name="test_me_no_token" time="0.041" /><testcase classname="tests.backend_test.TestAdmin" name="test_admin_opportunity_crud" time="0.649" /><testcase classname="tests.backend_test.TestProfileAndMatch" name="test_profile_upsert" time="0.424" /><testcase classname="tests.backend_test.TestProfileAndMatch" name="test_match_score_with_profile" time="0.076" /><testcase classname="tests.backend_test.TestProfileAndMatch" name="test_no_match_score_when_logged_out" time="0.048" /><testcase classname="tests.backend_test.TestSaves" name="test_save_and_list_and_update_and_delete" time="0.374" /><testcase classname="tests.backend_test.TestAdmin" name="test_digest" time="0.063" /><testcase classname="tests.backend_test.TestAdmin" name="test_impact_get_and_update" time="0.050" /><testcase classname="tests.backend_test.TestAdmin" name="test_admin_endpoints_require_auth" time="0.135" /><testcase classname="tests.backend_test.TestSaves" name="test_save_requires_auth" time="0.044" /></testsuite></testsuites>